<?xml version="1.0" encoding="UTF-8"?>
<!-- Generated by org.testng.reporters.JUnitReportReporter -->
<testsuite hostname="DESKTOP-42VQLMD" failures="0" tests="1" name="com.sdet.testscript.TC_InvalidLogin_002" time="1.111" errors="0" timestamp="2024-01-24T12:14:10 IST" skipped="0">
  <testcase classname="com.sdet.testscript.TC_InvalidLogin_002" name="testValidLogin" time="1.111"/>
</testsuite> <!-- com.sdet.testscript.TC_InvalidLogin_002 -->
