<?xml version="1.0" encoding="UTF-8"?>
<!-- Generated by org.testng.reporters.JUnitReportReporter -->
<testsuite hostname="DESKTOP-42VQLMD" failures="0" tests="1" name="com.sdet.testscript.TC_Login_001" time="0.839" errors="0" timestamp="2024-01-24T12:14:10 IST" skipped="0">
  <testcase classname="com.sdet.testscript.TC_Login_001" name="testValidLogin" time="0.839"/>
</testsuite> <!-- com.sdet.testscript.TC_Login_001 -->
